This file contains any messages produced by compilers while
running configure, to aid debugging if configure makes a mistake.

It was created by gsteg configure 0.1, which was
generated by GNU Autoconf 2.69.  Invocation command line was

  $ /home/ed/gsteg/configure --enable-maintainer-mode CFLAGS=-g -O0 CXXFLAGS=-g -O0 JFLAGS=-g -O0 FFLAGS=-g -O0

## --------- ##
## Platform. ##
## --------- ##

hostname = alarm
uname -m = armv7l
uname -r = 3.4.0-ARCH
uname -s = Linux
uname -v = #1 SMP Sat Nov 16 14:10:37 CST 2013

/usr/bin/uname -p = unknown
/bin/uname -X     = unknown

/bin/arch              = unknown
/usr/bin/arch -k       = unknown
/usr/convex/getsysinfo = unknown
/usr/bin/hostinfo      = unknown
/bin/machine           = unknown
/usr/bin/oslevel       = unknown
/bin/universe          = unknown

PATH: /usr/local/bin
PATH: /usr/local/sbin
PATH: /usr/bin
PATH: /opt/android-sdk/build-tools/19.0.1/
PATH: /usr/bin/vendor_perl
PATH: /usr/bin/core_perl
PATH: /home/ed/.gem/ruby/2.0.0/bin
PATH: /usr/local/sbin
PATH: /usr/local/bin
PATH: /usr/bin
PATH: /usr/bin/core_perl
PATH: /home/ed/bin


## ----------- ##
## Core tests. ##
## ----------- ##

configure:2454: checking for a BSD-compatible install
configure:2522: result: /usr/bin/install -c
configure:2533: checking whether build environment is sane
configure:2588: result: yes
configure:2739: checking for a thread-safe mkdir -p
configure:2778: result: /usr/bin/mkdir -p
configure:2785: checking for gawk
configure:2801: found /usr/bin/gawk
configure:2812: result: gawk
configure:2823: checking whether make sets $(MAKE)
configure:2845: result: yes
configure:2874: checking whether make supports nested variables
configure:2891: result: yes
configure:3028: checking whether make supports nested variables
configure:3045: result: yes
configure:3115: checking for g++
configure:3131: found /usr/bin/g++
configure:3142: result: g++
configure:3169: checking for C++ compiler version
configure:3178: g++ --version >&5
g++ (GCC) 4.8.2 20131219 (prerelease)
Copyright (C) 2013 Free Software Foundation, Inc.
This is free software; see the source for copying conditions.  There is NO
warranty; not even for MERCHANTABILITY or FITNESS FOR A PARTICULAR PURPOSE.

configure:3189: $? = 0
configure:3178: g++ -v >&5
Using built-in specs.
COLLECT_GCC=g++
COLLECT_LTO_WRAPPER=/usr/lib/gcc/armv7l-unknown-linux-gnueabihf/4.8.2/lto-wrapper
Target: armv7l-unknown-linux-gnueabihf
Configured with: /build/gcc/src/gcc-4.8-20131219/configure --prefix=/usr --libdir=/usr/lib --libexecdir=/usr/lib --mandir=/usr/share/man --infodir=/usr/share/info --with-bugurl=https://github.com/archlinuxarm/PKGBUILDs/issues --enable-languages=c,c++,fortran,go,lto,objc,obj-c++ --enable-shared --enable-threads=posix --with-system-zlib --enable-__cxa_atexit --disable-libunwind-exceptions --enable-clocale=gnu --disable-libstdcxx-pch --disable-libssp --enable-gnu-unique-object --enable-linker-build-id --enable-cloog-backend=isl --disable-cloog-version-check --enable-lto --enable-plugin --enable-install-libiberty --with-linker-hash-style=gnu --disable-multilib --disable-werror --enable-checking=release --host=armv7l-unknown-linux-gnueabihf --build=armv7l-unknown-linux-gnueabihf --with-arch=armv7-a --with-float=hard --with-fpu=vfpv3-d16
Thread model: posix
gcc version 4.8.2 20131219 (prerelease) (GCC) 
configure:3189: $? = 0
configure:3178: g++ -V >&5
g++: error: unrecognized command line option '-V'
g++: fatal error: no input files
compilation terminated.
configure:3189: $? = 1
configure:3178: g++ -qversion >&5
g++: error: unrecognized command line option '-qversion'
g++: fatal error: no input files
compilation terminated.
configure:3189: $? = 1
configure:3209: checking whether the C++ compiler works
configure:3231: g++ -g -O0   conftest.cpp  >&5
configure:3235: $? = 0
configure:3283: result: yes
configure:3286: checking for C++ compiler default output file name
configure:3288: result: a.out
configure:3294: checking for suffix of executables
configure:3301: g++ -o conftest -g -O0   conftest.cpp  >&5
configure:3305: $? = 0
configure:3327: result: 
configure:3349: checking whether we are cross compiling
configure:3357: g++ -o conftest -g -O0   conftest.cpp  >&5
configure:3361: $? = 0
configure:3368: ./conftest
configure:3372: $? = 0
configure:3387: result: no
configure:3392: checking for suffix of object files
configure:3414: g++ -c -g -O0  conftest.cpp >&5
configure:3418: $? = 0
configure:3439: result: o
configure:3443: checking whether we are using the GNU C++ compiler
configure:3462: g++ -c -g -O0  conftest.cpp >&5
configure:3462: $? = 0
configure:3471: result: yes
configure:3480: checking whether g++ accepts -g
configure:3500: g++ -c -g  conftest.cpp >&5
configure:3500: $? = 0
configure:3541: result: yes
configure:3575: checking for style of include used by make
configure:3603: result: GNU
configure:3629: checking dependency style of g++
configure:3740: result: gcc3
configure:3760: checking whether NLS is requested
configure:3769: result: yes
configure:3821: checking for gcc
configure:3837: found /usr/bin/gcc
configure:3848: result: gcc
configure:4077: checking for C compiler version
configure:4086: gcc --version >&5
gcc (GCC) 4.8.2 20131219 (prerelease)
Copyright (C) 2013 Free Software Foundation, Inc.
This is free software; see the source for copying conditions.  There is NO
warranty; not even for MERCHANTABILITY or FITNESS FOR A PARTICULAR PURPOSE.

configure:4097: $? = 0
configure:4086: gcc -v >&5
Using built-in specs.
COLLECT_GCC=gcc
COLLECT_LTO_WRAPPER=/usr/lib/gcc/armv7l-unknown-linux-gnueabihf/4.8.2/lto-wrapper
Target: armv7l-unknown-linux-gnueabihf
Configured with: /build/gcc/src/gcc-4.8-20131219/configure --prefix=/usr --libdir=/usr/lib --libexecdir=/usr/lib --mandir=/usr/share/man --infodir=/usr/share/info --with-bugurl=https://github.com/archlinuxarm/PKGBUILDs/issues --enable-languages=c,c++,fortran,go,lto,objc,obj-c++ --enable-shared --enable-threads=posix --with-system-zlib --enable-__cxa_atexit --disable-libunwind-exceptions --enable-clocale=gnu --disable-libstdcxx-pch --disable-libssp --enable-gnu-unique-object --enable-linker-build-id --enable-cloog-backend=isl --disable-cloog-version-check --enable-lto --enable-plugin --enable-install-libiberty --with-linker-hash-style=gnu --disable-multilib --disable-werror --enable-checking=release --host=armv7l-unknown-linux-gnueabihf --build=armv7l-unknown-linux-gnueabihf --with-arch=armv7-a --with-float=hard --with-fpu=vfpv3-d16
Thread model: posix
gcc version 4.8.2 20131219 (prerelease) (GCC) 
configure:4097: $? = 0
configure:4086: gcc -V >&5
gcc: error: unrecognized command line option '-V'
gcc: fatal error: no input files
compilation terminated.
configure:4097: $? = 1
configure:4086: gcc -qversion >&5
gcc: error: unrecognized command line option '-qversion'
gcc: fatal error: no input files
compilation terminated.
configure:4097: $? = 1
configure:4101: checking whether we are using the GNU C compiler
configure:4120: gcc -c -g -O0  conftest.c >&5
configure:4120: $? = 0
configure:4129: result: yes
configure:4138: checking whether gcc accepts -g
configure:4158: gcc -c -g  conftest.c >&5
configure:4158: $? = 0
configure:4199: result: yes
configure:4216: checking for gcc option to accept ISO C89
configure:4279: gcc  -c -g -O0  conftest.c >&5
configure:4279: $? = 0
configure:4292: result: none needed
configure:4317: checking whether gcc understands -c and -o together
configure:4339: gcc -c conftest.c -o conftest2.o
configure:4342: $? = 0
configure:4339: gcc -c conftest.c -o conftest2.o
configure:4342: $? = 0
configure:4354: result: yes
configure:4373: checking dependency style of gcc
configure:4484: result: gcc3
configure:4514: checking for intltool >= 0.35.0
configure:4516: result: 0.50.2 found
configure:4524: checking for intltool-update
configure:4542: found /usr/bin/intltool-update
configure:4554: result: /usr/bin/intltool-update
configure:4564: checking for intltool-merge
configure:4582: found /usr/bin/intltool-merge
configure:4594: result: /usr/bin/intltool-merge
configure:4604: checking for intltool-extract
configure:4622: found /usr/bin/intltool-extract
configure:4634: result: /usr/bin/intltool-extract
configure:4788: checking for xgettext
configure:4806: found /usr/bin/xgettext
configure:4818: result: /usr/bin/xgettext
configure:4828: checking for msgmerge
configure:4846: found /usr/bin/msgmerge
configure:4858: result: /usr/bin/msgmerge
configure:4868: checking for msgfmt
configure:4886: found /usr/bin/msgfmt
configure:4898: result: /usr/bin/msgfmt
configure:4908: checking for gmsgfmt
configure:4939: result: /usr/bin/msgfmt
configure:4959: checking for perl
configure:4977: found /usr/bin/perl
configure:4989: result: /usr/bin/perl
configure:5000: checking for perl >= 5.8.1
configure:5007: result: 5.18.2
configure:5011: checking for XML::Parser
configure:5014: result: ok
configure:5039: gcc -o conftest -g -O0   conftest.c  >&5
configure:5039: $? = 0
configure:5078: checking how to run the C preprocessor
configure:5109: gcc -E  conftest.c
configure:5109: $? = 0
configure:5123: gcc -E  conftest.c
conftest.c:12:28: fatal error: ac_nonexistent.h: No such file or directory
 #include <ac_nonexistent.h>
                            ^
compilation terminated.
configure:5123: $? = 1
configure: failed program was:
| /* confdefs.h */
| #define PACKAGE_NAME "gsteg"
| #define PACKAGE_TARNAME "gsteg"
| #define PACKAGE_VERSION "0.1"
| #define PACKAGE_STRING "gsteg 0.1"
| #define PACKAGE_BUGREPORT ""
| #define PACKAGE_URL ""
| #define PACKAGE "gsteg"
| #define VERSION "0.1"
| #define GETTEXT_PACKAGE "gsteg"
| /* end confdefs.h.  */
| #include <ac_nonexistent.h>
configure:5148: result: gcc -E
configure:5168: gcc -E  conftest.c
configure:5168: $? = 0
configure:5182: gcc -E  conftest.c
conftest.c:12:28: fatal error: ac_nonexistent.h: No such file or directory
 #include <ac_nonexistent.h>
                            ^
compilation terminated.
configure:5182: $? = 1
configure: failed program was:
| /* confdefs.h */
| #define PACKAGE_NAME "gsteg"
| #define PACKAGE_TARNAME "gsteg"
| #define PACKAGE_VERSION "0.1"
| #define PACKAGE_STRING "gsteg 0.1"
| #define PACKAGE_BUGREPORT ""
| #define PACKAGE_URL ""
| #define PACKAGE "gsteg"
| #define VERSION "0.1"
| #define GETTEXT_PACKAGE "gsteg"
| /* end confdefs.h.  */
| #include <ac_nonexistent.h>
configure:5211: checking for grep that handles long lines and -e
configure:5269: result: /usr/bin/grep
configure:5274: checking for egrep
configure:5336: result: /usr/bin/grep -E
configure:5341: checking for ANSI C header files
configure:5361: gcc -c -g -O0  conftest.c >&5
configure:5361: $? = 0
configure:5434: gcc -o conftest -g -O0   conftest.c  >&5
configure:5434: $? = 0
configure:5434: ./conftest
configure:5434: $? = 0
configure:5445: result: yes
configure:5458: checking for sys/types.h
configure:5458: gcc -c -g -O0  conftest.c >&5
configure:5458: $? = 0
configure:5458: result: yes
configure:5458: checking for sys/stat.h
configure:5458: gcc -c -g -O0  conftest.c >&5
configure:5458: $? = 0
configure:5458: result: yes
configure:5458: checking for stdlib.h
configure:5458: gcc -c -g -O0  conftest.c >&5
configure:5458: $? = 0
configure:5458: result: yes
configure:5458: checking for string.h
configure:5458: gcc -c -g -O0  conftest.c >&5
configure:5458: $? = 0
configure:5458: result: yes
configure:5458: checking for memory.h
configure:5458: gcc -c -g -O0  conftest.c >&5
configure:5458: $? = 0
configure:5458: result: yes
configure:5458: checking for strings.h
configure:5458: gcc -c -g -O0  conftest.c >&5
configure:5458: $? = 0
configure:5458: result: yes
configure:5458: checking for inttypes.h
configure:5458: gcc -c -g -O0  conftest.c >&5
configure:5458: $? = 0
configure:5458: result: yes
configure:5458: checking for stdint.h
configure:5458: gcc -c -g -O0  conftest.c >&5
configure:5458: $? = 0
configure:5458: result: yes
configure:5458: checking for unistd.h
configure:5458: gcc -c -g -O0  conftest.c >&5
configure:5458: $? = 0
configure:5458: result: yes
configure:5473: checking locale.h usability
configure:5473: gcc -c -g -O0  conftest.c >&5
configure:5473: $? = 0
configure:5473: result: yes
configure:5473: checking locale.h presence
configure:5473: gcc -E  conftest.c
configure:5473: $? = 0
configure:5473: result: yes
configure:5473: checking for locale.h
configure:5473: result: yes
configure:5484: checking for LC_MESSAGES
configure:5500: gcc -o conftest -g -O0   conftest.c  >&5
configure:5500: $? = 0
configure:5508: result: yes
configure:5525: checking libintl.h usability
configure:5525: gcc -c -g -O0  conftest.c >&5
configure:5525: $? = 0
configure:5525: result: yes
configure:5525: checking libintl.h presence
configure:5525: gcc -E  conftest.c
configure:5525: $? = 0
configure:5525: result: yes
configure:5525: checking for libintl.h
configure:5525: result: yes
configure:5533: checking for ngettext in libc
configure:5551: gcc -o conftest -g -O0   conftest.c  >&5
configure:5551: $? = 0
configure:5560: result: yes
configure:5564: checking for dgettext in libc
configure:5582: gcc -o conftest -g -O0   conftest.c  >&5
configure:5582: $? = 0
configure:5591: result: yes
configure:5598: checking for bind_textdomain_codeset
configure:5598: gcc -o conftest -g -O0   conftest.c  >&5
configure:5598: $? = 0
configure:5598: result: yes
configure:5874: checking for msgfmt
configure:5901: result: /usr/bin/msgfmt
configure:5912: checking for dcgettext
configure:5912: gcc -o conftest -g -O0   conftest.c   >&5
conftest.c:49:6: warning: conflicting types for built-in function 'dcgettext' [enabled by default]
 char dcgettext ();
      ^
configure:5912: $? = 0
configure:5912: result: yes
configure:5922: checking if msgfmt accepts -c
configure:5937: $MSGFMT -c -o /dev/null conftest.foo
conftest.foo:3: warning: header field 'Language' missing in header
configure:5940: $? = 0
configure:5942: result: yes
configure:5952: checking for gmsgfmt
configure:5983: result: /usr/bin/msgfmt
configure:5993: checking for xgettext
configure:6020: result: /usr/bin/xgettext
configure:6039: gcc -o conftest -g -O0   conftest.c   >&5
configure:6039: $? = 0
configure:6185: checking build system type
configure:6199: result: armv7l-unknown-linux-gnueabihf
configure:6219: checking host system type
configure:6232: result: armv7l-unknown-linux-gnueabihf
configure:6331: checking how to print strings
configure:6358: result: printf
configure:6379: checking for a sed that does not truncate output
configure:6443: result: /usr/bin/sed
configure:6461: checking for fgrep
configure:6523: result: /usr/bin/grep -F
configure:6558: checking for ld used by gcc
configure:6625: result: /usr/bin/ld
configure:6632: checking if the linker (/usr/bin/ld) is GNU ld
configure:6647: result: yes
configure:6659: checking for BSD- or MS-compatible name lister (nm)
configure:6708: result: /usr/bin/nm -B
configure:6838: checking the name lister (/usr/bin/nm -B) interface
configure:6845: gcc -c -g -O0  conftest.c >&5
configure:6848: /usr/bin/nm -B "conftest.o"
configure:6851: output
00000000 B some_variable
configure:6858: result: BSD nm
configure:6861: checking whether ln -s works
configure:6865: result: yes
configure:6873: checking the maximum length of command line arguments
configure:7003: result: 1572864
configure:7020: checking whether the shell understands some XSI constructs
configure:7030: result: yes
configure:7034: checking whether the shell understands "+="
configure:7040: result: yes
configure:7075: checking how to convert armv7l-unknown-linux-gnueabihf file names to armv7l-unknown-linux-gnueabihf format
configure:7115: result: func_convert_file_noop
configure:7122: checking how to convert armv7l-unknown-linux-gnueabihf file names to toolchain format
configure:7142: result: func_convert_file_noop
configure:7149: checking for /usr/bin/ld option to reload object files
configure:7156: result: -r
configure:7230: checking for objdump
configure:7246: found /usr/bin/objdump
configure:7257: result: objdump
configure:7286: checking how to recognize dependent libraries
configure:7488: result: pass_all
configure:7573: checking for dlltool
configure:7603: result: no
configure:7630: checking how to associate runtime and link libraries
configure:7657: result: printf %s\n
configure:7717: checking for ar
configure:7733: found /usr/bin/ar
configure:7744: result: ar
configure:7781: checking for archiver @FILE support
configure:7798: gcc -c -g -O0  conftest.c >&5
configure:7798: $? = 0
configure:7801: ar cru libconftest.a @conftest.lst >&5
configure:7804: $? = 0
configure:7809: ar cru libconftest.a @conftest.lst >&5
ar: conftest.o: No such file or directory
configure:7812: $? = 1
configure:7824: result: @
configure:7882: checking for strip
configure:7898: found /usr/bin/strip
configure:7909: result: strip
configure:7981: checking for ranlib
configure:7997: found /usr/bin/ranlib
configure:8008: result: ranlib
configure:8110: checking command to parse /usr/bin/nm -B output from gcc object
configure:8230: gcc -c -g -O0  conftest.c >&5
configure:8233: $? = 0
configure:8237: /usr/bin/nm -B conftest.o \| sed -n -e 's/^.*[ ]\([ABCDGIRSTW][ABCDGIRSTW]*\)[ ][ ]*\([_A-Za-z][_A-Za-z0-9]*\)$/\1 \2 \2/p' | sed '/ __gnu_lto/d' \> conftest.nm
configure:8240: $? = 0
configure:8306: gcc -o conftest -g -O0   conftest.c conftstm.o >&5
configure:8309: $? = 0
configure:8347: result: ok
configure:8384: checking for sysroot
configure:8414: result: no
configure:8670: checking for mt
configure:8700: result: no
configure:8720: checking if : is a manifest tool
configure:8726: : '-?'
configure:8734: result: no
configure:9373: checking for dlfcn.h
configure:9373: gcc -c -g -O0  conftest.c >&5
configure:9373: $? = 0
configure:9373: result: yes
configure:9888: checking for objdir
configure:9903: result: .libs
configure:10170: checking if gcc supports -fno-rtti -fno-exceptions
configure:10188: gcc -c -g -O0  -fno-rtti -fno-exceptions conftest.c >&5
cc1: warning: command line option '-fno-rtti' is valid for C++/ObjC++ but not for C [enabled by default]
configure:10192: $? = 0
configure:10205: result: no
configure:10532: checking for gcc option to produce PIC
configure:10539: result: -fPIC -DPIC
configure:10547: checking if gcc PIC flag -fPIC -DPIC works
configure:10565: gcc -c -g -O0  -fPIC -DPIC -DPIC conftest.c >&5
configure:10569: $? = 0
configure:10582: result: yes
configure:10611: checking if gcc static flag -static works
configure:10639: result: yes
configure:10654: checking if gcc supports -c -o file.o
configure:10675: gcc -c -g -O0  -o out/conftest2.o conftest.c >&5
configure:10679: $? = 0
configure:10701: result: yes
configure:10709: checking if gcc supports -c -o file.o
configure:10756: result: yes
configure:10789: checking whether the gcc linker (/usr/bin/ld) supports shared libraries
configure:11942: result: yes
configure:11979: checking whether -lc should be explicitly linked in
configure:11987: gcc -c -g -O0  conftest.c >&5
configure:11990: $? = 0
configure:12005: gcc -shared  -fPIC -DPIC conftest.o  -v -Wl,-soname -Wl,conftest -o conftest 2\>\&1 \| /usr/bin/grep  -lc  \>/dev/null 2\>\&1
configure:12008: $? = 0
configure:12022: result: no
configure:12182: checking dynamic linker characteristics
configure:12693: gcc -o conftest -g -O0   -Wl,-rpath -Wl,/foo conftest.c  >&5
configure:12693: $? = 0
configure:12915: result: GNU/Linux ld.so
configure:13022: checking how to hardcode library paths into programs
configure:13047: result: immediate
configure:13587: checking whether stripping libraries is possible
configure:13592: result: yes
configure:13627: checking if libtool supports shared libraries
configure:13629: result: yes
configure:13632: checking whether to build shared libraries
configure:13653: result: yes
configure:13656: checking whether to build static libraries
configure:13660: result: yes
configure:13683: checking how to run the C++ preprocessor
configure:13710: g++ -E  conftest.cpp
configure:13710: $? = 0
configure:13724: g++ -E  conftest.cpp
conftest.cpp:30:28: fatal error: ac_nonexistent.h: No such file or directory
 #include <ac_nonexistent.h>
                            ^
compilation terminated.
configure:13724: $? = 1
configure: failed program was:
| /* confdefs.h */
| #define PACKAGE_NAME "gsteg"
| #define PACKAGE_TARNAME "gsteg"
| #define PACKAGE_VERSION "0.1"
| #define PACKAGE_STRING "gsteg 0.1"
| #define PACKAGE_BUGREPORT ""
| #define PACKAGE_URL ""
| #define PACKAGE "gsteg"
| #define VERSION "0.1"
| #define GETTEXT_PACKAGE "gsteg"
| #define STDC_HEADERS 1
| #define HAVE_SYS_TYPES_H 1
| #define HAVE_SYS_STAT_H 1
| #define HAVE_STDLIB_H 1
| #define HAVE_STRING_H 1
| #define HAVE_MEMORY_H 1
| #define HAVE_STRINGS_H 1
| #define HAVE_INTTYPES_H 1
| #define HAVE_STDINT_H 1
| #define HAVE_UNISTD_H 1
| #define HAVE_LOCALE_H 1
| #define HAVE_LC_MESSAGES 1
| #define HAVE_BIND_TEXTDOMAIN_CODESET 1
| #define HAVE_GETTEXT 1
| #define HAVE_DCGETTEXT 1
| #define ENABLE_NLS 1
| #define HAVE_DLFCN_H 1
| #define LT_OBJDIR ".libs/"
| /* end confdefs.h.  */
| #include <ac_nonexistent.h>
configure:13749: result: g++ -E
configure:13769: g++ -E  conftest.cpp
configure:13769: $? = 0
configure:13783: g++ -E  conftest.cpp
conftest.cpp:30:28: fatal error: ac_nonexistent.h: No such file or directory
 #include <ac_nonexistent.h>
                            ^
compilation terminated.
configure:13783: $? = 1
configure: failed program was:
| /* confdefs.h */
| #define PACKAGE_NAME "gsteg"
| #define PACKAGE_TARNAME "gsteg"
| #define PACKAGE_VERSION "0.1"
| #define PACKAGE_STRING "gsteg 0.1"
| #define PACKAGE_BUGREPORT ""
| #define PACKAGE_URL ""
| #define PACKAGE "gsteg"
| #define VERSION "0.1"
| #define GETTEXT_PACKAGE "gsteg"
| #define STDC_HEADERS 1
| #define HAVE_SYS_TYPES_H 1
| #define HAVE_SYS_STAT_H 1
| #define HAVE_STDLIB_H 1
| #define HAVE_STRING_H 1
| #define HAVE_MEMORY_H 1
| #define HAVE_STRINGS_H 1
| #define HAVE_INTTYPES_H 1
| #define HAVE_STDINT_H 1
| #define HAVE_UNISTD_H 1
| #define HAVE_LOCALE_H 1
| #define HAVE_LC_MESSAGES 1
| #define HAVE_BIND_TEXTDOMAIN_CODESET 1
| #define HAVE_GETTEXT 1
| #define HAVE_DCGETTEXT 1
| #define ENABLE_NLS 1
| #define HAVE_DLFCN_H 1
| #define LT_OBJDIR ".libs/"
| /* end confdefs.h.  */
| #include <ac_nonexistent.h>
configure:13952: checking for ld used by g++
configure:14019: result: /usr/bin/ld
configure:14026: checking if the linker (/usr/bin/ld) is GNU ld
configure:14041: result: yes
configure:14096: checking whether the g++ linker (/usr/bin/ld) supports shared libraries
configure:15101: result: yes
configure:15137: g++ -c -g -O0  conftest.cpp >&5
configure:15140: $? = 0
configure:15660: checking for g++ option to produce PIC
configure:15667: result: -fPIC -DPIC
configure:15675: checking if g++ PIC flag -fPIC -DPIC works
configure:15693: g++ -c -g -O0  -fPIC -DPIC -DPIC conftest.cpp >&5
configure:15697: $? = 0
configure:15710: result: yes
configure:15733: checking if g++ static flag -static works
configure:15761: result: yes
configure:15773: checking if g++ supports -c -o file.o
configure:15794: g++ -c -g -O0  -o out/conftest2.o conftest.cpp >&5
configure:15798: $? = 0
configure:15820: result: yes
configure:15825: checking if g++ supports -c -o file.o
configure:15872: result: yes
configure:15902: checking whether the g++ linker (/usr/bin/ld) supports shared libraries
configure:15938: result: yes
configure:16079: checking dynamic linker characteristics
configure:16746: result: GNU/Linux ld.so
configure:16799: checking how to hardcode library paths into programs
configure:16824: result: immediate
configure:16941: checking for pkg-config
configure:16959: found /usr/bin/pkg-config
configure:16971: result: /usr/bin/pkg-config
configure:16996: checking pkg-config is at least version 0.9.0
configure:16999: result: yes
configure:17009: checking for GSTEG
configure:17016: $PKG_CONFIG --exists --print-errors "gtkmm-3.0 gtkmm-3.0"
configure:17019: $? = 0
configure:17033: $PKG_CONFIG --exists --print-errors "gtkmm-3.0 gtkmm-3.0"
configure:17036: $? = 0
configure:17094: result: yes
configure:17213: checking that generated files are newer than configure
configure:17219: result: done
configure:17258: creating ./config.status

## ---------------------- ##
## Running config.status. ##
## ---------------------- ##

This file was extended by gsteg config.status 0.1, which was
generated by GNU Autoconf 2.69.  Invocation command line was

  CONFIG_FILES    = 
  CONFIG_HEADERS  = 
  CONFIG_LINKS    = 
  CONFIG_COMMANDS = 
  $ ./config.status 

on alarm

config.status:1240: creating Makefile
config.status:1240: creating src/Makefile
config.status:1240: creating po/Makefile.in
config.status:1240: creating config.h
config.status:1454: executing depfiles commands
config.status:1454: executing default-1 commands
config.status:1454: executing libtool commands
config.status:1454: executing po/stamp-it commands
configure:19776: WARNING: unrecognized options: --enable-maintainer-mode

## ---------------- ##
## Cache variables. ##
## ---------------- ##

ac_cv_build=armv7l-unknown-linux-gnueabihf
ac_cv_c_compiler_gnu=yes
ac_cv_cxx_compiler_gnu=yes
ac_cv_env_CCC_set=
ac_cv_env_CCC_value=
ac_cv_env_CC_set=
ac_cv_env_CC_value=
ac_cv_env_CFLAGS_set=set
ac_cv_env_CFLAGS_value='-g -O0'
ac_cv_env_CPPFLAGS_set=
ac_cv_env_CPPFLAGS_value=
ac_cv_env_CPP_set=
ac_cv_env_CPP_value=
ac_cv_env_CXXCPP_set=
ac_cv_env_CXXCPP_value=
ac_cv_env_CXXFLAGS_set=set
ac_cv_env_CXXFLAGS_value='-g -O0'
ac_cv_env_CXX_set=
ac_cv_env_CXX_value=
ac_cv_env_GSTEG_CFLAGS_set=
ac_cv_env_GSTEG_CFLAGS_value=
ac_cv_env_GSTEG_LIBS_set=
ac_cv_env_GSTEG_LIBS_value=
ac_cv_env_LDFLAGS_set=
ac_cv_env_LDFLAGS_value=
ac_cv_env_LIBS_set=
ac_cv_env_LIBS_value=
ac_cv_env_PKG_CONFIG_LIBDIR_set=
ac_cv_env_PKG_CONFIG_LIBDIR_value=
ac_cv_env_PKG_CONFIG_PATH_set=
ac_cv_env_PKG_CONFIG_PATH_value=
ac_cv_env_PKG_CONFIG_set=
ac_cv_env_PKG_CONFIG_value=
ac_cv_env_build_alias_set=
ac_cv_env_build_alias_value=
ac_cv_env_host_alias_set=
ac_cv_env_host_alias_value=
ac_cv_env_target_alias_set=
ac_cv_env_target_alias_value=
ac_cv_func_bind_textdomain_codeset=yes
ac_cv_func_dcgettext=yes
ac_cv_header_dlfcn_h=yes
ac_cv_header_inttypes_h=yes
ac_cv_header_libintl_h=yes
ac_cv_header_locale_h=yes
ac_cv_header_memory_h=yes
ac_cv_header_stdc=yes
ac_cv_header_stdint_h=yes
ac_cv_header_stdlib_h=yes
ac_cv_header_string_h=yes
ac_cv_header_strings_h=yes
ac_cv_header_sys_stat_h=yes
ac_cv_header_sys_types_h=yes
ac_cv_header_unistd_h=yes
ac_cv_host=armv7l-unknown-linux-gnueabihf
ac_cv_objext=o
ac_cv_path_EGREP='/usr/bin/grep -E'
ac_cv_path_FGREP='/usr/bin/grep -F'
ac_cv_path_GMSGFMT=/usr/bin/msgfmt
ac_cv_path_GREP=/usr/bin/grep
ac_cv_path_INTLTOOL_EXTRACT=/usr/bin/intltool-extract
ac_cv_path_INTLTOOL_MERGE=/usr/bin/intltool-merge
ac_cv_path_INTLTOOL_PERL=/usr/bin/perl
ac_cv_path_INTLTOOL_UPDATE=/usr/bin/intltool-update
ac_cv_path_MSGFMT=/usr/bin/msgfmt
ac_cv_path_MSGMERGE=/usr/bin/msgmerge
ac_cv_path_SED=/usr/bin/sed
ac_cv_path_XGETTEXT=/usr/bin/xgettext
ac_cv_path_ac_pt_PKG_CONFIG=/usr/bin/pkg-config
ac_cv_path_install='/usr/bin/install -c'
ac_cv_path_mkdir=/usr/bin/mkdir
ac_cv_prog_AWK=gawk
ac_cv_prog_CPP='gcc -E'
ac_cv_prog_CXXCPP='g++ -E'
ac_cv_prog_ac_ct_AR=ar
ac_cv_prog_ac_ct_CC=gcc
ac_cv_prog_ac_ct_CXX=g++
ac_cv_prog_ac_ct_OBJDUMP=objdump
ac_cv_prog_ac_ct_RANLIB=ranlib
ac_cv_prog_ac_ct_STRIP=strip
ac_cv_prog_cc_c89=
ac_cv_prog_cc_g=yes
ac_cv_prog_cxx_g=yes
ac_cv_prog_make_make_set=yes
am_cv_CC_dependencies_compiler_type=gcc3
am_cv_CXX_dependencies_compiler_type=gcc3
am_cv_make_support_nested_variables=yes
am_cv_prog_cc_c_o=yes
am_cv_val_LC_MESSAGES=yes
gt_cv_func_dgettext_libc=yes
gt_cv_func_dgettext_libintl=no
gt_cv_func_ngettext_libc=yes
gt_cv_have_gettext=yes
lt_cv_ar_at_file=@
lt_cv_archive_cmds_need_lc=no
lt_cv_deplibs_check_method=pass_all
lt_cv_file_magic_cmd='$MAGIC_CMD'
lt_cv_file_magic_test_file=
lt_cv_ld_reload_flag=-r
lt_cv_nm_interface='BSD nm'
lt_cv_objdir=.libs
lt_cv_path_LD=/usr/bin/ld
lt_cv_path_LDCXX=/usr/bin/ld
lt_cv_path_NM='/usr/bin/nm -B'
lt_cv_path_mainfest_tool=no
lt_cv_prog_compiler_c_o=yes
lt_cv_prog_compiler_c_o_CXX=yes
lt_cv_prog_compiler_pic='-fPIC -DPIC'
lt_cv_prog_compiler_pic_CXX='-fPIC -DPIC'
lt_cv_prog_compiler_pic_works=yes
lt_cv_prog_compiler_pic_works_CXX=yes
lt_cv_prog_compiler_rtti_exceptions=no
lt_cv_prog_compiler_static_works=yes
lt_cv_prog_compiler_static_works_CXX=yes
lt_cv_prog_gnu_ld=yes
lt_cv_prog_gnu_ldcxx=yes
lt_cv_sharedlib_from_linklib_cmd='printf %s\n'
lt_cv_shlibpath_overrides_runpath=no
lt_cv_sys_global_symbol_pipe='sed -n -e '\''s/^.*[	 ]\([ABCDGIRSTW][ABCDGIRSTW]*\)[	 ][	 ]*\([_A-Za-z][_A-Za-z0-9]*\)$/\1 \2 \2/p'\'' | sed '\''/ __gnu_lto/d'\'''
lt_cv_sys_global_symbol_to_c_name_address='sed -n -e '\''s/^: \([^ ]*\)[ ]*$/  {\"\1\", (void *) 0},/p'\'' -e '\''s/^[ABCDGIRSTW]* \([^ ]*\) \([^ ]*\)$/  {"\2", (void *) \&\2},/p'\'''
lt_cv_sys_global_symbol_to_c_name_address_lib_prefix='sed -n -e '\''s/^: \([^ ]*\)[ ]*$/  {\"\1\", (void *) 0},/p'\'' -e '\''s/^[ABCDGIRSTW]* \([^ ]*\) \(lib[^ ]*\)$/  {"\2", (void *) \&\2},/p'\'' -e '\''s/^[ABCDGIRSTW]* \([^ ]*\) \([^ ]*\)$/  {"lib\2", (void *) \&\2},/p'\'''
lt_cv_sys_global_symbol_to_cdecl='sed -n -e '\''s/^T .* \(.*\)$/extern int \1();/p'\'' -e '\''s/^[ABCDGIRSTW]* .* \(.*\)$/extern char \1;/p'\'''
lt_cv_sys_max_cmd_len=1572864
lt_cv_to_host_file_cmd=func_convert_file_noop
lt_cv_to_tool_file_cmd=func_convert_file_noop
pkg_cv_GSTEG_CFLAGS='-pthread -I/usr/include/gtkmm-3.0 -I/usr/lib/gtkmm-3.0/include -I/usr/include/atkmm-1.6 -I/usr/include/gtk-3.0/unix-print -I/usr/include/gdkmm-3.0 -I/usr/lib/gdkmm-3.0/include -I/usr/include/giomm-2.4 -I/usr/lib/giomm-2.4/include -I/usr/include/pangomm-1.4 -I/usr/lib/pangomm-1.4/include -I/usr/include/glibmm-2.4 -I/usr/lib/glibmm-2.4/include -I/usr/include/gtk-3.0 -I/usr/include/at-spi2-atk/2.0 -I/usr/include/gtk-3.0 -I/usr/include/gio-unix-2.0/ -I/usr/include/cairo -I/usr/include/pango-1.0 -I/usr/include/atk-1.0 -I/usr/include/cairo -I/usr/include/cairomm-1.0 -I/usr/lib/cairomm-1.0/include -I/usr/include/cairo -I/usr/include/pixman-1 -I/usr/include/freetype2 -I/usr/include/libpng16 -I/usr/include/harfbuzz -I/usr/include/freetype2 -I/usr/include/harfbuzz -I/usr/include/libdrm -I/usr/include/libpng16 -I/usr/include/sigc++-2.0 -I/usr/lib/sigc++-2.0/include -I/usr/include/gdk-pixbuf-2.0 -I/usr/include/libpng16 -I/usr/include/glib-2.0 -I/usr/lib/glib-2.0/include '
pkg_cv_GSTEG_LIBS='-lgtkmm-3.0 -latkmm-1.6 -lgdkmm-3.0 -lgiomm-2.4 -lpangomm-1.4 -lglibmm-2.4 -lgtk-3 -lgdk-3 -lpangocairo-1.0 -lpango-1.0 -latk-1.0 -lcairo-gobject -lgio-2.0 -lcairomm-1.0 -lcairo -lsigc-2.0 -lgdk_pixbuf-2.0 -lgobject-2.0 -lglib-2.0 '

## ----------------- ##
## Output variables. ##
## ----------------- ##

ACLOCAL='${SHELL} /home/ed/gsteg/missing aclocal-1.14'
ALL_LINGUAS=''
AMDEPBACKSLASH='\'
AMDEP_FALSE='#'
AMDEP_TRUE=''
AMTAR='$${TAR-tar}'
AM_BACKSLASH='\'
AM_DEFAULT_V='$(AM_DEFAULT_VERBOSITY)'
AM_DEFAULT_VERBOSITY='0'
AM_V='$(V)'
AR='ar'
AS='as'
AUTOCONF='${SHELL} /home/ed/gsteg/missing autoconf'
AUTOHEADER='${SHELL} /home/ed/gsteg/missing autoheader'
AUTOMAKE='${SHELL} /home/ed/gsteg/missing automake-1.14'
AWK='gawk'
CATALOGS=''
CATOBJEXT='.gmo'
CC='gcc'
CCDEPMODE='depmode=gcc3'
CFLAGS='-g -O0'
CPP='gcc -E'
CPPFLAGS=''
CXX='g++'
CXXCPP='g++ -E'
CXXDEPMODE='depmode=gcc3'
CXXFLAGS='-g -O0'
CYGPATH_W='echo'
DATADIRNAME='share'
DEFS='-DHAVE_CONFIG_H'
DEPDIR='.deps'
DLLTOOL='false'
DSYMUTIL=''
DUMPBIN=''
ECHO_C=''
ECHO_N='-n'
ECHO_T=''
EGREP='/usr/bin/grep -E'
EXEEXT=''
FGREP='/usr/bin/grep -F'
GETTEXT_PACKAGE='gsteg'
GMOFILES=''
GMSGFMT='/usr/bin/msgfmt'
GREP='/usr/bin/grep'
GSTEG_CFLAGS='-pthread -I/usr/include/gtkmm-3.0 -I/usr/lib/gtkmm-3.0/include -I/usr/include/atkmm-1.6 -I/usr/include/gtk-3.0/unix-print -I/usr/include/gdkmm-3.0 -I/usr/lib/gdkmm-3.0/include -I/usr/include/giomm-2.4 -I/usr/lib/giomm-2.4/include -I/usr/include/pangomm-1.4 -I/usr/lib/pangomm-1.4/include -I/usr/include/glibmm-2.4 -I/usr/lib/glibmm-2.4/include -I/usr/include/gtk-3.0 -I/usr/include/at-spi2-atk/2.0 -I/usr/include/gtk-3.0 -I/usr/include/gio-unix-2.0/ -I/usr/include/cairo -I/usr/include/pango-1.0 -I/usr/include/atk-1.0 -I/usr/include/cairo -I/usr/include/cairomm-1.0 -I/usr/lib/cairomm-1.0/include -I/usr/include/cairo -I/usr/include/pixman-1 -I/usr/include/freetype2 -I/usr/include/libpng16 -I/usr/include/harfbuzz -I/usr/include/freetype2 -I/usr/include/harfbuzz -I/usr/include/libdrm -I/usr/include/libpng16 -I/usr/include/sigc++-2.0 -I/usr/lib/sigc++-2.0/include -I/usr/include/gdk-pixbuf-2.0 -I/usr/include/libpng16 -I/usr/include/glib-2.0 -I/usr/lib/glib-2.0/include '
GSTEG_LIBS='-lgtkmm-3.0 -latkmm-1.6 -lgdkmm-3.0 -lgiomm-2.4 -lpangomm-1.4 -lglibmm-2.4 -lgtk-3 -lgdk-3 -lpangocairo-1.0 -lpango-1.0 -latk-1.0 -lcairo-gobject -lgio-2.0 -lcairomm-1.0 -lcairo -lsigc-2.0 -lgdk_pixbuf-2.0 -lgobject-2.0 -lglib-2.0 '
INSTALL_DATA='${INSTALL} -m 644'
INSTALL_PROGRAM='${INSTALL}'
INSTALL_SCRIPT='${INSTALL}'
INSTALL_STRIP_PROGRAM='$(install_sh) -c -s'
INSTOBJEXT='.mo'
INTLLIBS=''
INTLTOOL_CAVES_RULE='%.caves:     %.caves.in     $(INTLTOOL_MERGE) $(wildcard $(top_srcdir)/po/*.po) ; $(INTLTOOL_V_MERGE)LC_ALL=C $(INTLTOOL_MERGE) $(INTLTOOL_V_MERGE_OPTIONS) -d -u -c $(top_builddir)/po/.intltool-merge-cache $(top_srcdir)/po $< $@'
INTLTOOL_DESKTOP_RULE='%.desktop:   %.desktop.in   $(INTLTOOL_MERGE) $(wildcard $(top_srcdir)/po/*.po) ; $(INTLTOOL_V_MERGE)LC_ALL=C $(INTLTOOL_MERGE) $(INTLTOOL_V_MERGE_OPTIONS) -d -u -c $(top_builddir)/po/.intltool-merge-cache $(top_srcdir)/po $< $@'
INTLTOOL_DIRECTORY_RULE='%.directory: %.directory.in $(INTLTOOL_MERGE) $(wildcard $(top_srcdir)/po/*.po) ; $(INTLTOOL_V_MERGE)LC_ALL=C $(INTLTOOL_MERGE) $(INTLTOOL_V_MERGE_OPTIONS) -d -u -c $(top_builddir)/po/.intltool-merge-cache $(top_srcdir)/po $< $@'
INTLTOOL_EXTRACT='/usr/bin/intltool-extract'
INTLTOOL_KBD_RULE='%.kbd:       %.kbd.in       $(INTLTOOL_MERGE) $(wildcard $(top_srcdir)/po/*.po) ; $(INTLTOOL_V_MERGE)LC_ALL=C $(INTLTOOL_MERGE) $(INTLTOOL_V_MERGE_OPTIONS) -x -u -m -c $(top_builddir)/po/.intltool-merge-cache $(top_srcdir)/po $< $@'
INTLTOOL_KEYS_RULE='%.keys:      %.keys.in      $(INTLTOOL_MERGE) $(wildcard $(top_srcdir)/po/*.po) ; $(INTLTOOL_V_MERGE)LC_ALL=C $(INTLTOOL_MERGE) $(INTLTOOL_V_MERGE_OPTIONS) -k -u -c $(top_builddir)/po/.intltool-merge-cache $(top_srcdir)/po $< $@'
INTLTOOL_MERGE='/usr/bin/intltool-merge'
INTLTOOL_OAF_RULE='%.oaf:       %.oaf.in       $(INTLTOOL_MERGE) $(wildcard $(top_srcdir)/po/*.po) ; $(INTLTOOL_V_MERGE)LC_ALL=C $(INTLTOOL_MERGE) $(INTLTOOL_V_MERGE_OPTIONS) -o -p $(top_srcdir)/po $< $@'
INTLTOOL_PERL='/usr/bin/perl'
INTLTOOL_POLICY_RULE='%.policy:    %.policy.in    $(INTLTOOL_MERGE) $(wildcard $(top_srcdir)/po/*.po) ; $(INTLTOOL_V_MERGE)LC_ALL=C $(INTLTOOL_MERGE) $(INTLTOOL_V_MERGE_OPTIONS) -x -u -c $(top_builddir)/po/.intltool-merge-cache $(top_srcdir)/po $< $@'
INTLTOOL_PONG_RULE='%.pong:      %.pong.in      $(INTLTOOL_MERGE) $(wildcard $(top_srcdir)/po/*.po) ; $(INTLTOOL_V_MERGE)LC_ALL=C $(INTLTOOL_MERGE) $(INTLTOOL_V_MERGE_OPTIONS) -x -u -c $(top_builddir)/po/.intltool-merge-cache $(top_srcdir)/po $< $@'
INTLTOOL_PROP_RULE='%.prop:      %.prop.in      $(INTLTOOL_MERGE) $(wildcard $(top_srcdir)/po/*.po) ; $(INTLTOOL_V_MERGE)LC_ALL=C $(INTLTOOL_MERGE) $(INTLTOOL_V_MERGE_OPTIONS) -d -u -c $(top_builddir)/po/.intltool-merge-cache $(top_srcdir)/po $< $@'
INTLTOOL_SCHEMAS_RULE='%.schemas:   %.schemas.in   $(INTLTOOL_MERGE) $(wildcard $(top_srcdir)/po/*.po) ; $(INTLTOOL_V_MERGE)LC_ALL=C $(INTLTOOL_MERGE) $(INTLTOOL_V_MERGE_OPTIONS) -s -u -c $(top_builddir)/po/.intltool-merge-cache $(top_srcdir)/po $< $@'
INTLTOOL_SERVER_RULE='%.server:    %.server.in    $(INTLTOOL_MERGE) $(wildcard $(top_srcdir)/po/*.po) ; $(INTLTOOL_V_MERGE)LC_ALL=C $(INTLTOOL_MERGE) $(INTLTOOL_V_MERGE_OPTIONS) -o -u -c $(top_builddir)/po/.intltool-merge-cache $(top_srcdir)/po $< $@'
INTLTOOL_SERVICE_RULE='%.service: %.service.in   $(INTLTOOL_MERGE) $(wildcard $(top_srcdir)/po/*.po) ; $(INTLTOOL_V_MERGE)LC_ALL=C $(INTLTOOL_MERGE) $(INTLTOOL_V_MERGE_OPTIONS) -d -u -c $(top_builddir)/po/.intltool-merge-cache $(top_srcdir)/po $< $@'
INTLTOOL_SHEET_RULE='%.sheet:     %.sheet.in     $(INTLTOOL_MERGE) $(wildcard $(top_srcdir)/po/*.po) ; $(INTLTOOL_V_MERGE)LC_ALL=C $(INTLTOOL_MERGE) $(INTLTOOL_V_MERGE_OPTIONS) -x -u -c $(top_builddir)/po/.intltool-merge-cache $(top_srcdir)/po $< $@'
INTLTOOL_SOUNDLIST_RULE='%.soundlist: %.soundlist.in $(INTLTOOL_MERGE) $(wildcard $(top_srcdir)/po/*.po) ; $(INTLTOOL_V_MERGE)LC_ALL=C $(INTLTOOL_MERGE) $(INTLTOOL_V_MERGE_OPTIONS) -d -u -c $(top_builddir)/po/.intltool-merge-cache $(top_srcdir)/po $< $@'
INTLTOOL_THEME_RULE='%.theme:     %.theme.in     $(INTLTOOL_MERGE) $(wildcard $(top_srcdir)/po/*.po) ; $(INTLTOOL_V_MERGE)LC_ALL=C $(INTLTOOL_MERGE) $(INTLTOOL_V_MERGE_OPTIONS) -d -u -c $(top_builddir)/po/.intltool-merge-cache $(top_srcdir)/po $< $@'
INTLTOOL_UI_RULE='%.ui:        %.ui.in        $(INTLTOOL_MERGE) $(wildcard $(top_srcdir)/po/*.po) ; $(INTLTOOL_V_MERGE)LC_ALL=C $(INTLTOOL_MERGE) $(INTLTOOL_V_MERGE_OPTIONS) -x -u -c $(top_builddir)/po/.intltool-merge-cache $(top_srcdir)/po $< $@'
INTLTOOL_UPDATE='/usr/bin/intltool-update'
INTLTOOL_V_MERGE='$(INTLTOOL__v_MERGE_$(V))'
INTLTOOL_V_MERGE_OPTIONS='$(intltool__v_merge_options_$(V))'
INTLTOOL_XAM_RULE='%.xam:       %.xml.in       $(INTLTOOL_MERGE) $(wildcard $(top_srcdir)/po/*.po) ; $(INTLTOOL_V_MERGE)LC_ALL=C $(INTLTOOL_MERGE) $(INTLTOOL_V_MERGE_OPTIONS) -x -u -c $(top_builddir)/po/.intltool-merge-cache $(top_srcdir)/po $< $@'
INTLTOOL_XML_NOMERGE_RULE='%.xml:       %.xml.in       $(INTLTOOL_MERGE) ; $(INTLTOOL_V_MERGE)LC_ALL=C $(INTLTOOL_MERGE) $(INTLTOOL_V_MERGE_OPTIONS) -x -u --no-translations $< $@'
INTLTOOL_XML_RULE='%.xml:       %.xml.in       $(INTLTOOL_MERGE) $(wildcard $(top_srcdir)/po/*.po) ; $(INTLTOOL_V_MERGE)LC_ALL=C $(INTLTOOL_MERGE) $(INTLTOOL_V_MERGE_OPTIONS) -x -u -c $(top_builddir)/po/.intltool-merge-cache $(top_srcdir)/po $< $@'
INTLTOOL__v_MERGE_0='@echo "  ITMRG " $@;'
INTLTOOL__v_MERGE_='$(INTLTOOL__v_MERGE_$(AM_DEFAULT_VERBOSITY))'
LD='/usr/bin/ld'
LDFLAGS=''
LIBOBJS=''
LIBS=''
LIBTOOL='$(SHELL) $(top_builddir)/libtool'
LIPO=''
LN_S='ln -s'
LTLIBOBJS=''
MAKEINFO='${SHELL} /home/ed/gsteg/missing makeinfo'
MANIFEST_TOOL=':'
MKDIR_P='/usr/bin/mkdir -p'
MKINSTALLDIRS='/home/ed/gsteg/mkinstalldirs'
MSGFMT='/usr/bin/msgfmt'
MSGFMT_OPTS='-c'
MSGMERGE='/usr/bin/msgmerge'
NATIVE_WIN32_FALSE=''
NATIVE_WIN32_TRUE='#'
NM='/usr/bin/nm -B'
NMEDIT=''
OBJDUMP='objdump'
OBJEXT='o'
OTOOL64=''
OTOOL=''
PACKAGE='gsteg'
PACKAGE_BUGREPORT=''
PACKAGE_NAME='gsteg'
PACKAGE_STRING='gsteg 0.1'
PACKAGE_TARNAME='gsteg'
PACKAGE_URL=''
PACKAGE_VERSION='0.1'
PATH_SEPARATOR=':'
PKG_CONFIG='/usr/bin/pkg-config'
PKG_CONFIG_LIBDIR=''
PKG_CONFIG_PATH=''
PLATFORM_WIN32_FALSE=''
PLATFORM_WIN32_TRUE='#'
POFILES=''
POSUB='po'
PO_IN_DATADIR_FALSE=''
PO_IN_DATADIR_TRUE=''
RANLIB='ranlib'
SED='/usr/bin/sed'
SET_MAKE=''
SHELL='/bin/sh'
STRIP='strip'
USE_NLS='yes'
VERSION='0.1'
XGETTEXT='/usr/bin/xgettext'
ac_ct_AR='ar'
ac_ct_CC='gcc'
ac_ct_CXX='g++'
ac_ct_DUMPBIN=''
am__EXEEXT_FALSE=''
am__EXEEXT_TRUE='#'
am__fastdepCC_FALSE='#'
am__fastdepCC_TRUE=''
am__fastdepCXX_FALSE='#'
am__fastdepCXX_TRUE=''
am__include='include'
am__isrc=' -I$(srcdir)'
am__leading_dot='.'
am__nodep='_no'
am__quote=''
am__tar='$${TAR-tar} chof - "$$tardir"'
am__untar='$${TAR-tar} xf -'
bindir='${exec_prefix}/bin'
build='armv7l-unknown-linux-gnueabihf'
build_alias=''
build_cpu='armv7l'
build_os='linux-gnueabihf'
build_vendor='unknown'
datadir='${datarootdir}'
datarootdir='${prefix}/share'
docdir='${datarootdir}/doc/${PACKAGE_TARNAME}'
dvidir='${docdir}'
exec_prefix='${prefix}'
host='armv7l-unknown-linux-gnueabihf'
host_alias=''
host_cpu='armv7l'
host_os='linux-gnueabihf'
host_vendor='unknown'
htmldir='${docdir}'
includedir='${prefix}/include'
infodir='${datarootdir}/info'
install_sh='${SHELL} /home/ed/gsteg/install-sh'
intltool__v_merge_options_0='-q'
intltool__v_merge_options_='$(intltool__v_merge_options_$(AM_DEFAULT_VERBOSITY))'
libdir='${exec_prefix}/lib'
libexecdir='${exec_prefix}/libexec'
localedir='${datarootdir}/locale'
localstatedir='${prefix}/var'
mandir='${datarootdir}/man'
mkdir_p='$(MKDIR_P)'
oldincludedir='/usr/include'
pdfdir='${docdir}'
prefix='/usr/local'
program_transform_name='s,x,x,'
psdir='${docdir}'
sbindir='${exec_prefix}/sbin'
sharedstatedir='${prefix}/com'
sysconfdir='${prefix}/etc'
target_alias=''

## ----------- ##
## confdefs.h. ##
## ----------- ##

/* confdefs.h */
#define PACKAGE_NAME "gsteg"
#define PACKAGE_TARNAME "gsteg"
#define PACKAGE_VERSION "0.1"
#define PACKAGE_STRING "gsteg 0.1"
#define PACKAGE_BUGREPORT ""
#define PACKAGE_URL ""
#define PACKAGE "gsteg"
#define VERSION "0.1"
#define GETTEXT_PACKAGE "gsteg"
#define STDC_HEADERS 1
#define HAVE_SYS_TYPES_H 1
#define HAVE_SYS_STAT_H 1
#define HAVE_STDLIB_H 1
#define HAVE_STRING_H 1
#define HAVE_MEMORY_H 1
#define HAVE_STRINGS_H 1
#define HAVE_INTTYPES_H 1
#define HAVE_STDINT_H 1
#define HAVE_UNISTD_H 1
#define HAVE_LOCALE_H 1
#define HAVE_LC_MESSAGES 1
#define HAVE_BIND_TEXTDOMAIN_CODESET 1
#define HAVE_GETTEXT 1
#define HAVE_DCGETTEXT 1
#define ENABLE_NLS 1
#define HAVE_DLFCN_H 1
#define LT_OBJDIR ".libs/"

configure: exit 0
